<?xml version="1.0" encoding="UTF-8"?>
<testsuite name="info.lequer.cache.CacheManagerTest" tests="10" skipped="0" failures="0" errors="0" timestamp="2016-01-27T04:42:24" hostname="acer" time="30.838">
  <properties/>
  <testcase name="testGetCache" classname="info.lequer.cache.CacheManagerTest" time="0.596"/>
  <testcase name="testCreate" classname="info.lequer.cache.CacheManagerTest" time="0.0"/>
  <testcase name="testCacheExists" classname="info.lequer.cache.CacheManagerTest" time="0.002"/>
  <testcase name="testRemoveCache" classname="info.lequer.cache.CacheManagerTest" time="0.007"/>
  <testcase name="testAddCache" classname="info.lequer.cache.CacheManagerTest" time="0.011"/>
  <testcase name="testGetCache" classname="info.lequer.cache.CacheManagerTest" time="0.002"/>
  <testcase name="testCreate" classname="info.lequer.cache.CacheManagerTest" time="0.0"/>
  <testcase name="testCacheExists" classname="info.lequer.cache.CacheManagerTest" time="0.005"/>
  <testcase name="testRemoveCache" classname="info.lequer.cache.CacheManagerTest" time="0.002"/>
  <testcase name="testAddCache" classname="info.lequer.cache.CacheManagerTest" time="0.002"/>
  <system-out><![CDATA[getCache
create
cacheExists
removeCache
addCache
getCache
create
cacheExists
removeCache
addCache
]]></system-out>
  <system-err><![CDATA[SLF4J: Failed to load class "org.slf4j.impl.StaticLoggerBinder".
SLF4J: Defaulting to no-operation (NOP) logger implementation
SLF4J: See http://www.slf4j.org/codes.html#StaticLoggerBinder for further details.
]]></system-err>
</testsuite>
